# JRE version: Java(TM) SE Runtime Environment (8.0_201-b09) (build 1.8.0_201-b09)
# Java VM: Java HotSpot(TM) 64-Bit Server VM (25.201-b09 mixed mode windows-amd64 compressed oops)
Heap:
 PSYoungGen      total 290816K, used 144931K [0x00000000d5d00000, 0x00000000ea480000, 0x0000000100000000)
  eden space 274432K, 46% used [0x00000000d5d00000,0x00000000ddab0580,0x00000000e6900000)
  from space 16384K, 99% used [0x00000000e9480000,0x00000000ea458920,0x00000000ea480000)
  to   space 19456K, 0% used [0x00000000e7e80000,0x00000000e7e80000,0x00000000e9180000)
 ParOldGen       total 86528K, used 24562K [0x0000000081600000, 0x0000000086a80000, 0x00000000d5d00000)
  object space 86528K, 28% used [0x0000000081600000,0x0000000082dfc8e0,0x0000000086a80000)
 Metaspace       used 50522K, capacity 52811K, committed 53032K, reserved 1095680K
  class space    used 6754K, capacity 7172K, committed 7208K, reserved 1048576K
GC Heap History (10 events):
Event: 3.923 GC heap before
{Heap before GC invocations=8 (full 1):
 PSYoungGen      total 129024K, used 129002K [0x00000000d5d00000, 0x00000000df100000, 0x0000000100000000)
  eden space 119808K, 100% used [0x00000000d5d00000,0x00000000dd200000,0x00000000dd200000)
  from space 9216K, 99% used [0x00000000de800000,0x00000000df0fa918,0x00000000df100000)
  to   space 10752K, 0% used [0x00000000ddc00000,0x00000000ddc00000,0x00000000de680000)
 ParOldGen       total 52224K, used 8966K [0x0000000081600000, 0x0000000084900000, 0x00000000d5d00000)
  object space 52224K, 17% used [0x0000000081600000,0x0000000081ec1ba0,0x0000000084900000)
 Metaspace       used 25469K, capacity 26530K, committed 26880K, reserved 1073152K
  class space    used 3484K, capacity 3718K, committed 3840K, reserved 1048576K
Event: 3.930 GC heap after
Heap after GC invocations=8 (full 1):
 PSYoungGen      total 140800K, used 9782K [0x00000000d5d00000, 0x00000000e4280000, 0x0000000100000000)
  eden space 130048K, 0% used [0x00000000d5d00000,0x00000000d5d00000,0x00000000ddc00000)
  from space 10752K, 90% used [0x00000000ddc00000,0x00000000de58dbb0,0x00000000de680000)
  to   space 11776K, 0% used [0x00000000e3700000,0x00000000e3700000,0x00000000e4280000)
 ParOldGen       total 52224K, used 8974K [0x0000000081600000, 0x0000000084900000, 0x00000000d5d00000)
  object space 52224K, 17% used [0x0000000081600000,0x0000000081ec3ba0,0x0000000084900000)
 Metaspace       used 25469K, capacity 26530K, committed 26880K, reserved 1073152K
  class space    used 3484K, capacity 3718K, committed 3840K, reserved 1048576K
}
Event: 4.627 GC heap before
{Heap before GC invocations=9 (full 1):
 PSYoungGen      total 140800K, used 139830K [0x00000000d5d00000, 0x00000000e4280000, 0x0000000100000000)
  eden space 130048K, 100% used [0x00000000d5d00000,0x00000000ddc00000,0x00000000ddc00000)
  from space 10752K, 90% used [0x00000000ddc00000,0x00000000de58dbb0,0x00000000de680000)
  to   space 11776K, 0% used [0x00000000e3700000,0x00000000e3700000,0x00000000e4280000)
 ParOldGen       total 52224K, used 8974K [0x0000000081600000, 0x0000000084900000, 0x00000000d5d00000)
  object space 52224K, 17% used [0x0000000081600000,0x0000000081ec3ba0,0x0000000084900000)
 Metaspace       used 29815K, capacity 31274K, committed 31488K, reserved 1077248K
  class space    used 4063K, capacity 4350K, committed 4352K, reserved 1048576K
Event: 4.641 GC heap after
Heap after GC invocations=9 (full 1):
 PSYoungGen      total 218624K, used 11774K [0x00000000d5d00000, 0x00000000e5b80000, 0x0000000100000000)
  eden space 206848K, 0% used [0x00000000d5d00000,0x00000000d5d00000,0x00000000e2700000)
  from space 11776K, 99% used [0x00000000e3700000,0x00000000e427fb68,0x00000000e4280000)
  to   space 16384K, 0% used [0x00000000e2700000,0x00000000e2700000,0x00000000e3700000)
 ParOldGen       total 52224K, used 16035K [0x0000000081600000, 0x0000000084900000, 0x00000000d5d00000)
  object space 52224K, 30% used [0x0000000081600000,0x00000000825a8d18,0x0000000084900000)
 Metaspace       used 29815K, capacity 31274K, committed 31488K, reserved 1077248K
  class space    used 4063K, capacity 4350K, committed 4352K, reserved 1048576K
}
Event: 4.988 GC heap before
{Heap before GC invocations=10 (full 1):
 PSYoungGen      total 218624K, used 52385K [0x00000000d5d00000, 0x00000000e5b80000, 0x0000000100000000)
  eden space 206848K, 19% used [0x00000000d5d00000,0x00000000d84a8b88,0x00000000e2700000)
  from space 11776K, 99% used [0x00000000e3700000,0x00000000e427fb68,0x00000000e4280000)
  to   space 16384K, 0% used [0x00000000e2700000,0x00000000e2700000,0x00000000e3700000)
 ParOldGen       total 52224K, used 16035K [0x0000000081600000, 0x0000000084900000, 0x00000000d5d00000)
  object space 52224K, 30% used [0x0000000081600000,0x00000000825a8d18,0x0000000084900000)
 Metaspace       used 33993K, capacity 35443K, committed 35496K, reserved 1079296K
  class space    used 4447K, capacity 4755K, committed 4776K, reserved 1048576K
Event: 4.999 GC heap after
Heap after GC invocations=10 (full 1):
 PSYoungGen      total 223232K, used 15185K [0x00000000d5d00000, 0x00000000ea600000, 0x0000000100000000)
  eden space 206848K, 0% used [0x00000000d5d00000,0x00000000d5d00000,0x00000000e2700000)
  from space 16384K, 92% used [0x00000000e2700000,0x00000000e35d46f0,0x00000000e3700000)
  to   space 17920K, 0% used [0x00000000e9480000,0x00000000e9480000,0x00000000ea600000)
 ParOldGen       total 52224K, used 18275K [0x0000000081600000, 0x0000000084900000, 0x00000000d5d00000)
  object space 52224K, 34% used [0x0000000081600000,0x00000000827d8d28,0x0000000084900000)
 Metaspace       used 33993K, capacity 35443K, committed 35496K, reserved 1079296K
  class space    used 4447K, capacity 4755K, committed 4776K, reserved 1048576K
}
Event: 4.999 GC heap before
{Heap before GC invocations=11 (full 2):
 PSYoungGen      total 223232K, used 15185K [0x00000000d5d00000, 0x00000000ea600000, 0x0000000100000000)
  eden space 206848K, 0% used [0x00000000d5d00000,0x00000000d5d00000,0x00000000e2700000)
  from space 16384K, 92% used [0x00000000e2700000,0x00000000e35d46f0,0x00000000e3700000)
  to   space 17920K, 0% used [0x00000000e9480000,0x00000000e9480000,0x00000000ea600000)
 ParOldGen       total 52224K, used 18275K [0x0000000081600000, 0x0000000084900000, 0x00000000d5d00000)
  object space 52224K, 34% used [0x0000000081600000,0x00000000827d8d28,0x0000000084900000)
 Metaspace       used 33993K, capacity 35443K, committed 35496K, reserved 1079296K
  class space    used 4447K, capacity 4755K, committed 4776K, reserved 1048576K
Event: 5.061 GC heap after
Heap after GC invocations=11 (full 2):
 PSYoungGen      total 223232K, used 0K [0x00000000d5d00000, 0x00000000ea600000, 0x0000000100000000)
  eden space 206848K, 0% used [0x00000000d5d00000,0x00000000d5d00000,0x00000000e2700000)
  from space 16384K, 0% used [0x00000000e2700000,0x00000000e2700000,0x00000000e3700000)
  to   space 17920K, 0% used [0x00000000e9480000,0x00000000e9480000,0x00000000ea600000)
 ParOldGen       total 86528K, used 24554K [0x0000000081600000, 0x0000000086a80000, 0x00000000d5d00000)
  object space 86528K, 28% used [0x0000000081600000,0x0000000082dfa8e0,0x0000000086a80000)
 Metaspace       used 33993K, capacity 35443K, committed 35496K, reserved 1079296K
  class space    used 4447K, capacity 4755K, committed 4776K, reserved 1048576K
}
Event: 6.570 GC heap before
{Heap before GC invocations=12 (full 2):
 PSYoungGen      total 223232K, used 206848K [0x00000000d5d00000, 0x00000000ea600000, 0x0000000100000000)
  eden space 206848K, 100% used [0x00000000d5d00000,0x00000000e2700000,0x00000000e2700000)
  from space 16384K, 0% used [0x00000000e2700000,0x00000000e2700000,0x00000000e3700000)
  to   space 17920K, 0% used [0x00000000e9480000,0x00000000e9480000,0x00000000ea600000)
 ParOldGen       total 86528K, used 24554K [0x0000000081600000, 0x0000000086a80000, 0x00000000d5d00000)
  object space 86528K, 28% used [0x0000000081600000,0x0000000082dfa8e0,0x0000000086a80000)
 Metaspace       used 46349K, capacity 48309K, committed 48424K, reserved 1091584K
  class space    used 6216K, capacity 6610K, committed 6696K, reserved 1048576K
Event: 6.583 GC heap after
Heap after GC invocations=12 (full 2):
 PSYoungGen      total 290816K, used 16226K [0x00000000d5d00000, 0x00000000ea480000, 0x0000000100000000)
  eden space 274432K, 0% used [0x00000000d5d00000,0x00000000d5d00000,0x00000000e6900000)
  from space 16384K, 99% used [0x00000000e9480000,0x00000000ea458920,0x00000000ea480000)
  to   space 19456K, 0% used [0x00000000e7e80000,0x00000000e7e80000,0x00000000e9180000)
 ParOldGen       total 86528K, used 24562K [0x0000000081600000, 0x0000000086a80000, 0x00000000d5d00000)
  object space 86528K, 28% used [0x0000000081600000,0x0000000082dfc8e0,0x0000000086a80000)
 Metaspace       used 46349K, capacity 48309K, committed 48424K, reserved 1091584K
  class space    used 6216K, capacity 6610K, committed 6696K, reserved 1048576K
}

